<?xml version="1.0" encoding="UTF-8"?>
<!-- Generated by org.testng.reporters.JUnitXMLReporter -->
<testsuite ignored="1" hostname="LAPTOP-B3OVSO97" failures="0" tests="1" name="Default test" time="6.195" errors="0" timestamp="2025-11-17T02:33:18 IST">
  <testcase classname="testClasses.TC002_Login" name="verifyTitle" time="0.65"/>
  <testcase classname="testClasses.TC002_Login" name="VerifySuccessfullLogin" time="0.0">
    <ignored/>
  </testcase> <!-- VerifySuccessfullLogin -->
</testsuite> <!-- Default test -->
