<?xml version="1.0" encoding="UTF-8"?>
<testng-results ignored="0" total="9" passed="8" failed="1" skipped="0">
  <reporter-output>
  </reporter-output>
  <suite started-at="2025-11-23T21:15:48 IST" name="Suite" finished-at="2025-11-23T21:16:52 IST" duration-ms="63996">
    <groups>
      <group name="sanity">
        <method signature="TC001_Registration.enterFname()[pri:0, instance:testClasses.TC001_Registration@31dadd46]" name="enterFname" class="testClasses.TC001_Registration"/>
        <method signature="TC002_Login.verifyTitle()[pri:0, instance:testClasses.TC002_Login@503ecb24]" name="verifyTitle" class="testClasses.TC002_Login"/>
      </group> <!-- sanity -->
    </groups>
    <test started-at="2025-11-23T21:15:48 IST" name="Test" finished-at="2025-11-23T21:16:52 IST" duration-ms="63996">
      <class name="testClasses.TC001_Registration">
        <test-method is-config="true" signature="setup(java.lang.String)[pri:0, instance:testClasses.TC001_Registration@31dadd46]" started-at="2025-11-23T21:15:49 IST" name="setup" finished-at="2025-11-23T21:16:00 IST" duration-ms="11456" status="PASS">
          <params>
            <param index="0">
              <value>
                <![CDATA[chrome]]>
              </value>
            </param>
          </params>
          <reporter-output>
          </reporter-output>
        </test-method> <!-- setup -->
        <test-method is-config="true" signature="pageSetup()[pri:0, instance:testClasses.TC001_Registration@31dadd46]" started-at="2025-11-23T21:16:00 IST" name="pageSetup" finished-at="2025-11-23T21:16:00 IST" duration-ms="40" status="PASS">
          <reporter-output>
          </reporter-output>
        </test-method> <!-- pageSetup -->
        <test-method signature="enterFname()[pri:0, instance:testClasses.TC001_Registration@31dadd46]" started-at="2025-11-23T21:16:00 IST" name="enterFname" finished-at="2025-11-23T21:16:02 IST" duration-ms="2124" status="PASS">
          <reporter-output>
          </reporter-output>
        </test-method> <!-- enterFname -->
        <test-method is-config="true" signature="tearDown()[pri:0, instance:testClasses.TC001_Registration@31dadd46]" started-at="2025-11-23T21:16:02 IST" name="tearDown" finished-at="2025-11-23T21:16:03 IST" duration-ms="295" status="PASS">
          <reporter-output>
          </reporter-output>
        </test-method> <!-- tearDown -->
        <test-method is-config="true" signature="setup(java.lang.String)[pri:0, instance:testClasses.TC001_Registration@31dadd46]" started-at="2025-11-23T21:16:03 IST" name="setup" finished-at="2025-11-23T21:16:06 IST" duration-ms="3372" status="PASS">
          <params>
            <param index="0">
              <value>
                <![CDATA[chrome]]>
              </value>
            </param>
          </params>
          <reporter-output>
          </reporter-output>
        </test-method> <!-- setup -->
        <test-method is-config="true" signature="pageSetup()[pri:0, instance:testClasses.TC001_Registration@31dadd46]" started-at="2025-11-23T21:16:06 IST" name="pageSetup" finished-at="2025-11-23T21:16:06 IST" duration-ms="3" status="PASS">
          <reporter-output>
          </reporter-output>
        </test-method> <!-- pageSetup -->
        <test-method signature="enterLname()[pri:0, instance:testClasses.TC001_Registration@31dadd46]" started-at="2025-11-23T21:16:06 IST" name="enterLname" finished-at="2025-11-23T21:16:07 IST" duration-ms="739" status="PASS">
          <reporter-output>
          </reporter-output>
        </test-method> <!-- enterLname -->
        <test-method is-config="true" signature="tearDown()[pri:0, instance:testClasses.TC001_Registration@31dadd46]" started-at="2025-11-23T21:16:07 IST" name="tearDown" finished-at="2025-11-23T21:16:07 IST" duration-ms="243" status="PASS">
          <reporter-output>
          </reporter-output>
        </test-method> <!-- tearDown -->
        <test-method is-config="true" signature="setup(java.lang.String)[pri:0, instance:testClasses.TC001_Registration@31dadd46]" started-at="2025-11-23T21:16:07 IST" name="setup" finished-at="2025-11-23T21:16:12 IST" duration-ms="4934" status="PASS">
          <params>
            <param index="0">
              <value>
                <![CDATA[chrome]]>
              </value>
            </param>
          </params>
          <reporter-output>
          </reporter-output>
        </test-method> <!-- setup -->
        <test-method is-config="true" signature="pageSetup()[pri:0, instance:testClasses.TC001_Registration@31dadd46]" started-at="2025-11-23T21:16:12 IST" name="pageSetup" finished-at="2025-11-23T21:16:12 IST" duration-ms="2" status="PASS">
          <reporter-output>
          </reporter-output>
        </test-method> <!-- pageSetup -->
        <test-method signature="verifyErrorWhenMandatoryFieldsMissing()[pri:0, instance:testClasses.TC001_Registration@31dadd46]" started-at="2025-11-23T21:16:12 IST" name="verifyErrorWhenMandatoryFieldsMissing" finished-at="2025-11-23T21:16:14 IST" duration-ms="1989" status="PASS">
          <reporter-output>
          </reporter-output>
        </test-method> <!-- verifyErrorWhenMandatoryFieldsMissing -->
        <test-method is-config="true" signature="tearDown()[pri:0, instance:testClasses.TC001_Registration@31dadd46]" started-at="2025-11-23T21:16:14 IST" name="tearDown" finished-at="2025-11-23T21:16:14 IST" duration-ms="355" status="PASS">
          <reporter-output>
          </reporter-output>
        </test-method> <!-- tearDown -->
        <test-method is-config="true" signature="setup(java.lang.String)[pri:0, instance:testClasses.TC001_Registration@31dadd46]" started-at="2025-11-23T21:16:14 IST" name="setup" finished-at="2025-11-23T21:16:19 IST" duration-ms="4240" status="PASS">
          <params>
            <param index="0">
              <value>
                <![CDATA[chrome]]>
              </value>
            </param>
          </params>
          <reporter-output>
          </reporter-output>
        </test-method> <!-- setup -->
        <test-method is-config="true" signature="pageSetup()[pri:0, instance:testClasses.TC001_Registration@31dadd46]" started-at="2025-11-23T21:16:19 IST" name="pageSetup" finished-at="2025-11-23T21:16:19 IST" duration-ms="4" status="PASS">
          <reporter-output>
          </reporter-output>
        </test-method> <!-- pageSetup -->
        <test-method signature="verifyRegistrationPageHeading()[pri:0, instance:testClasses.TC001_Registration@31dadd46]" started-at="2025-11-23T21:16:19 IST" name="verifyRegistrationPageHeading" finished-at="2025-11-23T21:16:19 IST" duration-ms="903" status="PASS">
          <reporter-output>
          </reporter-output>
        </test-method> <!-- verifyRegistrationPageHeading -->
        <test-method is-config="true" signature="tearDown()[pri:0, instance:testClasses.TC001_Registration@31dadd46]" started-at="2025-11-23T21:16:19 IST" name="tearDown" finished-at="2025-11-23T21:16:20 IST" duration-ms="244" status="PASS">
          <reporter-output>
          </reporter-output>
        </test-method> <!-- tearDown -->
        <test-method is-config="true" signature="setup(java.lang.String)[pri:0, instance:testClasses.TC001_Registration@31dadd46]" started-at="2025-11-23T21:16:20 IST" name="setup" finished-at="2025-11-23T21:16:24 IST" duration-ms="4120" status="PASS">
          <params>
            <param index="0">
              <value>
                <![CDATA[chrome]]>
              </value>
            </param>
          </params>
          <reporter-output>
          </reporter-output>
        </test-method> <!-- setup -->
        <test-method is-config="true" signature="pageSetup()[pri:0, instance:testClasses.TC001_Registration@31dadd46]" started-at="2025-11-23T21:16:24 IST" name="pageSetup" finished-at="2025-11-23T21:16:24 IST" duration-ms="1" status="PASS">
          <reporter-output>
          </reporter-output>
        </test-method> <!-- pageSetup -->
        <test-method signature="verifyUserCanRegisterSuccessfully()[pri:0, instance:testClasses.TC001_Registration@31dadd46]" started-at="2025-11-23T21:16:24 IST" name="verifyUserCanRegisterSuccessfully" finished-at="2025-11-23T21:16:27 IST" duration-ms="2938" status="PASS">
          <reporter-output>
          </reporter-output>
        </test-method> <!-- verifyUserCanRegisterSuccessfully -->
        <test-method is-config="true" signature="tearDown()[pri:0, instance:testClasses.TC001_Registration@31dadd46]" started-at="2025-11-23T21:16:27 IST" name="tearDown" finished-at="2025-11-23T21:16:27 IST" duration-ms="305" status="PASS">
          <reporter-output>
          </reporter-output>
        </test-method> <!-- tearDown -->
      </class> <!-- testClasses.TC001_Registration -->
      <class name="testClasses.TC002_Login">
        <test-method is-config="true" signature="setup(java.lang.String)[pri:0, instance:testClasses.TC002_Login@503ecb24]" started-at="2025-11-23T21:15:50 IST" name="setup" finished-at="2025-11-23T21:16:02 IST" duration-ms="12144" status="PASS">
          <params>
            <param index="0">
              <value>
                <![CDATA[chrome]]>
              </value>
            </param>
          </params>
          <reporter-output>
          </reporter-output>
        </test-method> <!-- setup -->
        <test-method is-config="true" signature="setupPages()[pri:0, instance:testClasses.TC002_Login@503ecb24]" started-at="2025-11-23T21:16:02 IST" name="setupPages" finished-at="2025-11-23T21:16:02 IST" duration-ms="6" status="PASS">
          <reporter-output>
          </reporter-output>
        </test-method> <!-- setupPages -->
        <test-method signature="VerifySuccessfullLogin(java.lang.String,java.lang.String,java.lang.String)[pri:0, instance:testClasses.TC002_Login@503ecb24]" started-at="2025-11-23T21:16:02 IST" name="VerifySuccessfullLogin" data-provider="logindata" finished-at="2025-11-23T21:16:13 IST" duration-ms="11079" status="PASS">
          <params>
            <param index="0">
              <value>
                <![CDATA[virendraqa@ril.com]]>
              </value>
            </param>
            <param index="1">
              <value>
                <![CDATA[sdjas]]>
              </value>
            </param>
            <param index="2">
              <value>
                <![CDATA[invalid]]>
              </value>
            </param>
          </params>
          <reporter-output>
          </reporter-output>
        </test-method> <!-- VerifySuccessfullLogin -->
        <test-method is-config="true" signature="tearDown()[pri:0, instance:testClasses.TC002_Login@503ecb24]" started-at="2025-11-23T21:16:13 IST" name="tearDown" finished-at="2025-11-23T21:16:13 IST" duration-ms="301" status="PASS">
          <reporter-output>
          </reporter-output>
        </test-method> <!-- tearDown -->
        <test-method is-config="true" signature="setup(java.lang.String)[pri:0, instance:testClasses.TC002_Login@503ecb24]" started-at="2025-11-23T21:16:13 IST" name="setup" finished-at="2025-11-23T21:16:17 IST" duration-ms="3570" status="PASS">
          <params>
            <param index="0">
              <value>
                <![CDATA[chrome]]>
              </value>
            </param>
          </params>
          <reporter-output>
          </reporter-output>
        </test-method> <!-- setup -->
        <test-method is-config="true" signature="setupPages()[pri:0, instance:testClasses.TC002_Login@503ecb24]" started-at="2025-11-23T21:16:17 IST" name="setupPages" finished-at="2025-11-23T21:16:17 IST" duration-ms="17" status="PASS">
          <reporter-output>
          </reporter-output>
        </test-method> <!-- setupPages -->
        <test-method signature="VerifySuccessfullLogin(java.lang.String,java.lang.String,java.lang.String)[pri:0, instance:testClasses.TC002_Login@503ecb24]" started-at="2025-11-23T21:16:17 IST" name="VerifySuccessfullLogin" data-provider="logindata" finished-at="2025-11-23T21:16:29 IST" duration-ms="12556" status="FAIL">
          <params>
            <param index="0">
              <value>
                <![CDATA[virendraqa@ril.com]]>
              </value>
            </param>
            <param index="1">
              <value>
                <![CDATA[Test@123]]>
              </value>
            </param>
            <param index="2">
              <value>
                <![CDATA[valid]]>
              </value>
            </param>
          </params>
          <exception class="java.lang.AssertionError">
            <message>
              <![CDATA[expected [true] but found [false]]]>
            </message>
            <full-stacktrace>
              <![CDATA[java.lang.AssertionError: expected [true] but found [false]
at org.testng.Assert.fail(Assert.java:111)
at org.testng.Assert.failNotEquals(Assert.java:1590)
at org.testng.Assert.assertTrue(Assert.java:57)
at org.testng.Assert.assertTrue(Assert.java:67)
at testClasses.TC002_Login.VerifySuccessfullLogin(TC002_Login.java:53)
at java.base/jdk.internal.reflect.DirectMethodHandleAccessor.invoke(DirectMethodHandleAccessor.java:104)
at java.base/java.lang.reflect.Method.invoke(Method.java:577)
at org.testng.internal.invokers.MethodInvocationHelper.invokeMethod(MethodInvocationHelper.java:141)
at org.testng.internal.invokers.TestInvoker.invokeMethod(TestInvoker.java:687)
at org.testng.internal.invokers.TestInvoker.invokeTestMethod(TestInvoker.java:230)
at org.testng.internal.invokers.MethodRunner.runInSequence(MethodRunner.java:63)
at org.testng.internal.invokers.TestInvoker$MethodInvocationAgent.invoke(TestInvoker.java:995)
at org.testng.internal.invokers.TestInvoker.invokeTestMethods(TestInvoker.java:203)
at org.testng.internal.invokers.TestMethodWorker.invokeTestMethods(TestMethodWorker.java:154)
at org.testng.internal.invokers.TestMethodWorker.run(TestMethodWorker.java:134)
at java.base/java.util.concurrent.Executors$RunnableAdapter.call(Executors.java:539)
at java.base/java.util.concurrent.FutureTask.run(FutureTask.java:264)
at org.testng.internal.thread.graph.TestNGFutureTask.run(TestNGFutureTask.java:22)
at java.base/java.util.concurrent.ThreadPoolExecutor.runWorker(ThreadPoolExecutor.java:1136)
at java.base/java.util.concurrent.ThreadPoolExecutor$Worker.run(ThreadPoolExecutor.java:635)
at java.base/java.lang.Thread.run(Thread.java:833)
]]>
            </full-stacktrace>
          </exception> <!-- java.lang.AssertionError -->
          <reporter-output>
          </reporter-output>
        </test-method> <!-- VerifySuccessfullLogin -->
        <test-method is-config="true" signature="tearDown()[pri:0, instance:testClasses.TC002_Login@503ecb24]" started-at="2025-11-23T21:16:30 IST" name="tearDown" finished-at="2025-11-23T21:16:30 IST" duration-ms="314" status="PASS">
          <reporter-output>
          </reporter-output>
        </test-method> <!-- tearDown -->
        <test-method is-config="true" signature="setup(java.lang.String)[pri:0, instance:testClasses.TC002_Login@503ecb24]" started-at="2025-11-23T21:16:30 IST" name="setup" finished-at="2025-11-23T21:16:35 IST" duration-ms="4752" status="PASS">
          <params>
            <param index="0">
              <value>
                <![CDATA[chrome]]>
              </value>
            </param>
          </params>
          <reporter-output>
          </reporter-output>
        </test-method> <!-- setup -->
        <test-method is-config="true" signature="setupPages()[pri:0, instance:testClasses.TC002_Login@503ecb24]" started-at="2025-11-23T21:16:35 IST" name="setupPages" finished-at="2025-11-23T21:16:35 IST" duration-ms="2" status="PASS">
          <reporter-output>
          </reporter-output>
        </test-method> <!-- setupPages -->
        <test-method signature="VerifySuccessfullLogin(java.lang.String,java.lang.String,java.lang.String)[pri:0, instance:testClasses.TC002_Login@503ecb24]" started-at="2025-11-23T21:16:35 IST" name="VerifySuccessfullLogin" data-provider="logindata" finished-at="2025-11-23T21:16:46 IST" duration-ms="11001" status="PASS">
          <params>
            <param index="0">
              <value>
                <![CDATA[asdkl]]>
              </value>
            </param>
            <param index="1">
              <value>
                <![CDATA[lsjalj]]>
              </value>
            </param>
            <param index="2">
              <value>
                <![CDATA[invalid]]>
              </value>
            </param>
          </params>
          <reporter-output>
          </reporter-output>
        </test-method> <!-- VerifySuccessfullLogin -->
        <test-method is-config="true" signature="tearDown()[pri:0, instance:testClasses.TC002_Login@503ecb24]" started-at="2025-11-23T21:16:46 IST" name="tearDown" finished-at="2025-11-23T21:16:46 IST" duration-ms="427" status="PASS">
          <reporter-output>
          </reporter-output>
        </test-method> <!-- tearDown -->
        <test-method is-config="true" signature="setup(java.lang.String)[pri:0, instance:testClasses.TC002_Login@503ecb24]" started-at="2025-11-23T21:16:46 IST" name="setup" finished-at="2025-11-23T21:16:52 IST" duration-ms="5470" status="PASS">
          <params>
            <param index="0">
              <value>
                <![CDATA[chrome]]>
              </value>
            </param>
          </params>
          <reporter-output>
          </reporter-output>
        </test-method> <!-- setup -->
        <test-method is-config="true" signature="setupPages()[pri:0, instance:testClasses.TC002_Login@503ecb24]" started-at="2025-11-23T21:16:52 IST" name="setupPages" finished-at="2025-11-23T21:16:52 IST" duration-ms="1" status="PASS">
          <reporter-output>
          </reporter-output>
        </test-method> <!-- setupPages -->
        <test-method signature="verifyTitle()[pri:0, instance:testClasses.TC002_Login@503ecb24]" started-at="2025-11-23T21:16:52 IST" name="verifyTitle" finished-at="2025-11-23T21:16:52 IST" duration-ms="511" status="PASS">
          <reporter-output>
          </reporter-output>
        </test-method> <!-- verifyTitle -->
        <test-method is-config="true" signature="tearDown()[pri:0, instance:testClasses.TC002_Login@503ecb24]" started-at="2025-11-23T21:16:52 IST" name="tearDown" finished-at="2025-11-23T21:16:52 IST" duration-ms="301" status="PASS">
          <reporter-output>
          </reporter-output>
        </test-method> <!-- tearDown -->
      </class> <!-- testClasses.TC002_Login -->
    </test> <!-- Test -->
  </suite> <!-- Suite -->
</testng-results>
