<?xml version="1.0" encoding="UTF-8"?>
<testng-results ignored="0" total="9" passed="8" failed="1" skipped="0">
  <reporter-output>
  </reporter-output>
  <suite started-at="2025-12-23T14:28:36 IST" name="Suite" finished-at="2025-12-23T14:29:32 IST" duration-ms="56513">
    <groups>
      <group name="sanity">
        <method signature="TC001_Registration.enterFname()[pri:0, instance:testClasses.TC001_Registration@1921ad94]" name="enterFname" class="testClasses.TC001_Registration"/>
        <method signature="TC002_Login.verifyTitle()[pri:0, instance:testClasses.TC002_Login@5b1ebf56]" name="verifyTitle" class="testClasses.TC002_Login"/>
      </group> <!-- sanity -->
    </groups>
    <test started-at="2025-12-23T14:28:36 IST" name="Test" finished-at="2025-12-23T14:29:32 IST" duration-ms="56513">
      <class name="testClasses.TC001_Registration">
        <test-method is-config="true" signature="setup(java.lang.String)[pri:0, instance:testClasses.TC001_Registration@1921ad94]" started-at="2025-12-23T14:28:36 IST" name="setup" finished-at="2025-12-23T14:28:44 IST" duration-ms="7507" status="PASS">
          <params>
            <param index="0">
              <value>
                <![CDATA[chrome]]>
              </value>
            </param>
          </params>
          <reporter-output>
          </reporter-output>
        </test-method> <!-- setup -->
        <test-method is-config="true" signature="pageSetup()[pri:0, instance:testClasses.TC001_Registration@1921ad94]" started-at="2025-12-23T14:28:44 IST" name="pageSetup" finished-at="2025-12-23T14:28:44 IST" duration-ms="24" status="PASS">
          <reporter-output>
          </reporter-output>
        </test-method> <!-- pageSetup -->
        <test-method signature="enterFname()[pri:0, instance:testClasses.TC001_Registration@1921ad94]" started-at="2025-12-23T14:28:44 IST" name="enterFname" finished-at="2025-12-23T14:28:45 IST" duration-ms="753" status="PASS">
          <reporter-output>
          </reporter-output>
        </test-method> <!-- enterFname -->
        <test-method is-config="true" signature="tearDown()[pri:0, instance:testClasses.TC001_Registration@1921ad94]" started-at="2025-12-23T14:28:45 IST" name="tearDown" finished-at="2025-12-23T14:28:45 IST" duration-ms="132" status="PASS">
          <reporter-output>
          </reporter-output>
        </test-method> <!-- tearDown -->
        <test-method is-config="true" signature="setup(java.lang.String)[pri:0, instance:testClasses.TC001_Registration@1921ad94]" started-at="2025-12-23T14:28:45 IST" name="setup" finished-at="2025-12-23T14:28:48 IST" duration-ms="2980" status="PASS">
          <params>
            <param index="0">
              <value>
                <![CDATA[chrome]]>
              </value>
            </param>
          </params>
          <reporter-output>
          </reporter-output>
        </test-method> <!-- setup -->
        <test-method is-config="true" signature="pageSetup()[pri:0, instance:testClasses.TC001_Registration@1921ad94]" started-at="2025-12-23T14:28:48 IST" name="pageSetup" finished-at="2025-12-23T14:28:48 IST" duration-ms="1" status="PASS">
          <reporter-output>
          </reporter-output>
        </test-method> <!-- pageSetup -->
        <test-method signature="enterLname()[pri:0, instance:testClasses.TC001_Registration@1921ad94]" started-at="2025-12-23T14:28:48 IST" name="enterLname" finished-at="2025-12-23T14:28:48 IST" duration-ms="562" status="PASS">
          <reporter-output>
          </reporter-output>
        </test-method> <!-- enterLname -->
        <test-method is-config="true" signature="tearDown()[pri:0, instance:testClasses.TC001_Registration@1921ad94]" started-at="2025-12-23T14:28:48 IST" name="tearDown" finished-at="2025-12-23T14:28:49 IST" duration-ms="611" status="PASS">
          <reporter-output>
          </reporter-output>
        </test-method> <!-- tearDown -->
        <test-method is-config="true" signature="setup(java.lang.String)[pri:0, instance:testClasses.TC001_Registration@1921ad94]" started-at="2025-12-23T14:28:49 IST" name="setup" finished-at="2025-12-23T14:28:51 IST" duration-ms="2673" status="PASS">
          <params>
            <param index="0">
              <value>
                <![CDATA[chrome]]>
              </value>
            </param>
          </params>
          <reporter-output>
          </reporter-output>
        </test-method> <!-- setup -->
        <test-method is-config="true" signature="pageSetup()[pri:0, instance:testClasses.TC001_Registration@1921ad94]" started-at="2025-12-23T14:28:51 IST" name="pageSetup" finished-at="2025-12-23T14:28:51 IST" duration-ms="1" status="PASS">
          <reporter-output>
          </reporter-output>
        </test-method> <!-- pageSetup -->
        <test-method signature="verifyErrorWhenMandatoryFieldsMissing()[pri:0, instance:testClasses.TC001_Registration@1921ad94]" started-at="2025-12-23T14:28:51 IST" name="verifyErrorWhenMandatoryFieldsMissing" finished-at="2025-12-23T14:28:53 IST" duration-ms="1029" status="PASS">
          <reporter-output>
          </reporter-output>
        </test-method> <!-- verifyErrorWhenMandatoryFieldsMissing -->
        <test-method is-config="true" signature="tearDown()[pri:0, instance:testClasses.TC001_Registration@1921ad94]" started-at="2025-12-23T14:28:53 IST" name="tearDown" finished-at="2025-12-23T14:28:53 IST" duration-ms="153" status="PASS">
          <reporter-output>
          </reporter-output>
        </test-method> <!-- tearDown -->
        <test-method is-config="true" signature="setup(java.lang.String)[pri:0, instance:testClasses.TC001_Registration@1921ad94]" started-at="2025-12-23T14:28:53 IST" name="setup" finished-at="2025-12-23T14:28:55 IST" duration-ms="2641" status="PASS">
          <params>
            <param index="0">
              <value>
                <![CDATA[chrome]]>
              </value>
            </param>
          </params>
          <reporter-output>
          </reporter-output>
        </test-method> <!-- setup -->
        <test-method is-config="true" signature="pageSetup()[pri:0, instance:testClasses.TC001_Registration@1921ad94]" started-at="2025-12-23T14:28:55 IST" name="pageSetup" finished-at="2025-12-23T14:28:55 IST" duration-ms="1" status="PASS">
          <reporter-output>
          </reporter-output>
        </test-method> <!-- pageSetup -->
        <test-method signature="verifyRegistrationPageHeading()[pri:0, instance:testClasses.TC001_Registration@1921ad94]" started-at="2025-12-23T14:28:55 IST" name="verifyRegistrationPageHeading" finished-at="2025-12-23T14:28:56 IST" duration-ms="627" status="PASS">
          <reporter-output>
          </reporter-output>
        </test-method> <!-- verifyRegistrationPageHeading -->
        <test-method is-config="true" signature="tearDown()[pri:0, instance:testClasses.TC001_Registration@1921ad94]" started-at="2025-12-23T14:28:56 IST" name="tearDown" finished-at="2025-12-23T14:28:56 IST" duration-ms="213" status="PASS">
          <reporter-output>
          </reporter-output>
        </test-method> <!-- tearDown -->
        <test-method is-config="true" signature="setup(java.lang.String)[pri:0, instance:testClasses.TC001_Registration@1921ad94]" started-at="2025-12-23T14:28:56 IST" name="setup" finished-at="2025-12-23T14:28:59 IST" duration-ms="2608" status="PASS">
          <params>
            <param index="0">
              <value>
                <![CDATA[chrome]]>
              </value>
            </param>
          </params>
          <reporter-output>
          </reporter-output>
        </test-method> <!-- setup -->
        <test-method is-config="true" signature="pageSetup()[pri:0, instance:testClasses.TC001_Registration@1921ad94]" started-at="2025-12-23T14:28:59 IST" name="pageSetup" finished-at="2025-12-23T14:28:59 IST" duration-ms="2" status="PASS">
          <reporter-output>
          </reporter-output>
        </test-method> <!-- pageSetup -->
        <test-method signature="verifyUserCanRegisterSuccessfully()[pri:0, instance:testClasses.TC001_Registration@1921ad94]" started-at="2025-12-23T14:28:59 IST" name="verifyUserCanRegisterSuccessfully" finished-at="2025-12-23T14:29:01 IST" duration-ms="1980" status="PASS">
          <reporter-output>
          </reporter-output>
        </test-method> <!-- verifyUserCanRegisterSuccessfully -->
        <test-method is-config="true" signature="tearDown()[pri:0, instance:testClasses.TC001_Registration@1921ad94]" started-at="2025-12-23T14:29:01 IST" name="tearDown" finished-at="2025-12-23T14:29:01 IST" duration-ms="615" status="PASS">
          <reporter-output>
          </reporter-output>
        </test-method> <!-- tearDown -->
      </class> <!-- testClasses.TC001_Registration -->
      <class name="testClasses.TC002_Login">
        <test-method is-config="true" signature="setup(java.lang.String)[pri:0, instance:testClasses.TC002_Login@5b1ebf56]" started-at="2025-12-23T14:28:37 IST" name="setup" finished-at="2025-12-23T14:28:44 IST" duration-ms="6800" status="PASS">
          <params>
            <param index="0">
              <value>
                <![CDATA[chrome]]>
              </value>
            </param>
          </params>
          <reporter-output>
          </reporter-output>
        </test-method> <!-- setup -->
        <test-method is-config="true" signature="setupPages()[pri:0, instance:testClasses.TC002_Login@5b1ebf56]" started-at="2025-12-23T14:28:44 IST" name="setupPages" finished-at="2025-12-23T14:28:44 IST" duration-ms="22" status="PASS">
          <reporter-output>
          </reporter-output>
        </test-method> <!-- setupPages -->
        <test-method signature="VerifySuccessfullLogin(java.lang.String,java.lang.String,java.lang.String)[pri:0, instance:testClasses.TC002_Login@5b1ebf56]" started-at="2025-12-23T14:28:44 IST" name="VerifySuccessfullLogin" data-provider="logindata" finished-at="2025-12-23T14:28:54 IST" duration-ms="10716" status="PASS">
          <params>
            <param index="0">
              <value>
                <![CDATA[virendraqa@ril.com]]>
              </value>
            </param>
            <param index="1">
              <value>
                <![CDATA[sdjas]]>
              </value>
            </param>
            <param index="2">
              <value>
                <![CDATA[invalid]]>
              </value>
            </param>
          </params>
          <reporter-output>
          </reporter-output>
        </test-method> <!-- VerifySuccessfullLogin -->
        <test-method is-config="true" signature="tearDown()[pri:0, instance:testClasses.TC002_Login@5b1ebf56]" started-at="2025-12-23T14:28:54 IST" name="tearDown" finished-at="2025-12-23T14:28:55 IST" duration-ms="615" status="PASS">
          <reporter-output>
          </reporter-output>
        </test-method> <!-- tearDown -->
        <test-method is-config="true" signature="setup(java.lang.String)[pri:0, instance:testClasses.TC002_Login@5b1ebf56]" started-at="2025-12-23T14:28:55 IST" name="setup" finished-at="2025-12-23T14:28:58 IST" duration-ms="2604" status="PASS">
          <params>
            <param index="0">
              <value>
                <![CDATA[chrome]]>
              </value>
            </param>
          </params>
          <reporter-output>
          </reporter-output>
        </test-method> <!-- setup -->
        <test-method signature="VerifySuccessfullLogin(java.lang.String,java.lang.String,java.lang.String)[pri:0, instance:testClasses.TC002_Login@5b1ebf56]" started-at="2025-12-23T14:28:58 IST" name="VerifySuccessfullLogin" data-provider="logindata" finished-at="2025-12-23T14:29:08 IST" duration-ms="10599" status="FAIL">
          <params>
            <param index="0">
              <value>
                <![CDATA[virendraqa@ril.com]]>
              </value>
            </param>
            <param index="1">
              <value>
                <![CDATA[Test@123]]>
              </value>
            </param>
            <param index="2">
              <value>
                <![CDATA[valid]]>
              </value>
            </param>
          </params>
          <exception class="java.lang.AssertionError">
            <message>
              <![CDATA[expected [true] but found [false]]]>
            </message>
            <full-stacktrace>
              <![CDATA[java.lang.AssertionError: expected [true] but found [false]
at org.testng.Assert.fail(Assert.java:111)
at org.testng.Assert.failNotEquals(Assert.java:1590)
at org.testng.Assert.assertTrue(Assert.java:57)
at org.testng.Assert.assertTrue(Assert.java:67)
at testClasses.TC002_Login.VerifySuccessfullLogin(TC002_Login.java:53)
at java.base/jdk.internal.reflect.DirectMethodHandleAccessor.invoke(DirectMethodHandleAccessor.java:104)
at java.base/java.lang.reflect.Method.invoke(Method.java:577)
at org.testng.internal.invokers.MethodInvocationHelper.invokeMethod(MethodInvocationHelper.java:141)
at org.testng.internal.invokers.TestInvoker.invokeMethod(TestInvoker.java:687)
at org.testng.internal.invokers.TestInvoker.invokeTestMethod(TestInvoker.java:230)
at org.testng.internal.invokers.MethodRunner.runInSequence(MethodRunner.java:63)
at org.testng.internal.invokers.TestInvoker$MethodInvocationAgent.invoke(TestInvoker.java:995)
at org.testng.internal.invokers.TestInvoker.invokeTestMethods(TestInvoker.java:203)
at org.testng.internal.invokers.TestMethodWorker.invokeTestMethods(TestMethodWorker.java:154)
at org.testng.internal.invokers.TestMethodWorker.run(TestMethodWorker.java:134)
at java.base/java.util.concurrent.Executors$RunnableAdapter.call(Executors.java:539)
at java.base/java.util.concurrent.FutureTask.run(FutureTask.java:264)
at org.testng.internal.thread.graph.TestNGFutureTask.run(TestNGFutureTask.java:22)
at java.base/java.util.concurrent.ThreadPoolExecutor.runWorker(ThreadPoolExecutor.java:1136)
at java.base/java.util.concurrent.ThreadPoolExecutor$Worker.run(ThreadPoolExecutor.java:635)
at java.base/java.lang.Thread.run(Thread.java:833)
]]>
            </full-stacktrace>
          </exception> <!-- java.lang.AssertionError -->
          <reporter-output>
          </reporter-output>
        </test-method> <!-- VerifySuccessfullLogin -->
        <test-method is-config="true" signature="setupPages()[pri:0, instance:testClasses.TC002_Login@5b1ebf56]" started-at="2025-12-23T14:28:58 IST" name="setupPages" finished-at="2025-12-23T14:28:58 IST" duration-ms="0" status="PASS">
          <reporter-output>
          </reporter-output>
        </test-method> <!-- setupPages -->
        <test-method is-config="true" signature="tearDown()[pri:0, instance:testClasses.TC002_Login@5b1ebf56]" started-at="2025-12-23T14:29:08 IST" name="tearDown" finished-at="2025-12-23T14:29:10 IST" duration-ms="1757" status="PASS">
          <reporter-output>
          </reporter-output>
        </test-method> <!-- tearDown -->
        <test-method is-config="true" signature="setup(java.lang.String)[pri:0, instance:testClasses.TC002_Login@5b1ebf56]" started-at="2025-12-23T14:29:10 IST" name="setup" finished-at="2025-12-23T14:29:12 IST" duration-ms="2143" status="PASS">
          <params>
            <param index="0">
              <value>
                <![CDATA[chrome]]>
              </value>
            </param>
          </params>
          <reporter-output>
          </reporter-output>
        </test-method> <!-- setup -->
        <test-method signature="VerifySuccessfullLogin(java.lang.String,java.lang.String,java.lang.String)[pri:0, instance:testClasses.TC002_Login@5b1ebf56]" started-at="2025-12-23T14:29:12 IST" name="VerifySuccessfullLogin" data-provider="logindata" finished-at="2025-12-23T14:29:24 IST" duration-ms="11251" status="PASS">
          <params>
            <param index="0">
              <value>
                <![CDATA[asdkl]]>
              </value>
            </param>
            <param index="1">
              <value>
                <![CDATA[lsjalj]]>
              </value>
            </param>
            <param index="2">
              <value>
                <![CDATA[invalid]]>
              </value>
            </param>
          </params>
          <reporter-output>
          </reporter-output>
        </test-method> <!-- VerifySuccessfullLogin -->
        <test-method is-config="true" signature="setupPages()[pri:0, instance:testClasses.TC002_Login@5b1ebf56]" started-at="2025-12-23T14:29:12 IST" name="setupPages" finished-at="2025-12-23T14:29:12 IST" duration-ms="0" status="PASS">
          <reporter-output>
          </reporter-output>
        </test-method> <!-- setupPages -->
        <test-method is-config="true" signature="tearDown()[pri:0, instance:testClasses.TC002_Login@5b1ebf56]" started-at="2025-12-23T14:29:24 IST" name="tearDown" finished-at="2025-12-23T14:29:25 IST" duration-ms="1065" status="PASS">
          <reporter-output>
          </reporter-output>
        </test-method> <!-- tearDown -->
        <test-method is-config="true" signature="setup(java.lang.String)[pri:0, instance:testClasses.TC002_Login@5b1ebf56]" started-at="2025-12-23T14:29:25 IST" name="setup" finished-at="2025-12-23T14:29:27 IST" duration-ms="2696" status="PASS">
          <params>
            <param index="0">
              <value>
                <![CDATA[chrome]]>
              </value>
            </param>
          </params>
          <reporter-output>
          </reporter-output>
        </test-method> <!-- setup -->
        <test-method is-config="true" signature="setupPages()[pri:0, instance:testClasses.TC002_Login@5b1ebf56]" started-at="2025-12-23T14:29:27 IST" name="setupPages" finished-at="2025-12-23T14:29:27 IST" duration-ms="1" status="PASS">
          <reporter-output>
          </reporter-output>
        </test-method> <!-- setupPages -->
        <test-method signature="verifyTitle()[pri:0, instance:testClasses.TC002_Login@5b1ebf56]" started-at="2025-12-23T14:29:27 IST" name="verifyTitle" finished-at="2025-12-23T14:29:31 IST" duration-ms="4009" status="PASS">
          <reporter-output>
          </reporter-output>
        </test-method> <!-- verifyTitle -->
        <test-method is-config="true" signature="tearDown()[pri:0, instance:testClasses.TC002_Login@5b1ebf56]" started-at="2025-12-23T14:29:31 IST" name="tearDown" finished-at="2025-12-23T14:29:32 IST" duration-ms="1074" status="PASS">
          <reporter-output>
          </reporter-output>
        </test-method> <!-- tearDown -->
      </class> <!-- testClasses.TC002_Login -->
    </test> <!-- Test -->
  </suite> <!-- Suite -->
</testng-results>
