<?xml version="1.0" encoding="UTF-8"?>
<testng-results ignored="0" total="1" passed="1" failed="0" skipped="0">
  <reporter-output>
  </reporter-output>
  <suite started-at="2025-10-13T03:08:26 IST" name="Default suite" finished-at="2025-10-13T03:08:30 IST" duration-ms="4596">
    <groups>
    </groups>
    <test started-at="2025-10-13T03:08:26 IST" name="Default test" finished-at="2025-10-13T03:08:30 IST" duration-ms="4596">
      <class name="testClasses.TC001_Registration">
        <test-method is-config="true" signature="setup()[pri:0, instance:testClasses.TC001_Registration@51399530]" started-at="2025-10-13T03:08:26 IST" name="setup" finished-at="2025-10-13T03:08:30 IST" duration-ms="4064" status="PASS">
          <reporter-output>
          </reporter-output>
        </test-method> <!-- setup -->
        <test-method signature="enterFname()[pri:0, instance:testClasses.TC001_Registration@51399530]" started-at="2025-10-13T03:08:30 IST" name="enterFname" finished-at="2025-10-13T03:08:30 IST" duration-ms="503" status="PASS">
          <reporter-output>
          </reporter-output>
        </test-method> <!-- enterFname -->
      </class> <!-- testClasses.TC001_Registration -->
    </test> <!-- Default test -->
  </suite> <!-- Default suite -->
</testng-results>
