<?xml version="1.0" encoding="UTF-8"?>
<!-- Generated by org.testng.reporters.JUnitReportReporter -->
<testsuite hostname="LAPTOP-B3OVSO97" failures="0" tests="5" name="testClasses.TC001_Registration" time="38.307" errors="0" timestamp="2025-11-23T21:16:53 IST" skipped="0">
  <testcase classname="testClasses.TC001_Registration" name="enterLname" time="5.324"/>
  <testcase classname="testClasses.TC001_Registration" name="enterFname" time="6.489"/>
  <testcase classname="testClasses.TC001_Registration" name="verifyErrorWhenMandatoryFieldsMissing" time="5.606"/>
  <testcase classname="testClasses.TC001_Registration" name="verifyUserCanRegisterSuccessfully" time="14.693"/>
  <testcase classname="testClasses.TC001_Registration" name="verifyRegistrationPageHeading" time="6.195"/>
</testsuite> <!-- testClasses.TC001_Registration -->
