<?xml version="1.0" encoding="UTF-8"?>
<!-- Generated by org.testng.reporters.JUnitReportReporter -->
<testsuite hostname="LAPTOP-B3OVSO97" failures="0" tests="5" name="testClasses.TC001_Registration" time="26.469" errors="0" timestamp="2025-11-18T23:48:19 IST" skipped="0">
  <testcase classname="testClasses.TC001_Registration" name="verifyUserCanRegisterSuccessfully" time="5.422"/>
  <testcase classname="testClasses.TC001_Registration" name="verifyErrorWhenMandatoryFieldsMissing" time="5.457"/>
  <testcase classname="testClasses.TC001_Registration" name="verifyRegistrationPageHeading" time="3.792"/>
  <testcase classname="testClasses.TC001_Registration" name="enterFname" time="8.294"/>
  <testcase classname="testClasses.TC001_Registration" name="enterLname" time="3.504"/>
</testsuite> <!-- testClasses.TC001_Registration -->
