<?xml version="1.0" encoding="UTF-8"?>
<!-- Generated by org.testng.reporters.JUnitReportReporter -->
<testsuite hostname="LAPTOP-B3OVSO97" failures="0" tests="5" name="testClasses.TC001_Registration" time="25.113" errors="0" timestamp="2025-12-23T14:29:33 IST" skipped="0">
  <testcase classname="testClasses.TC001_Registration" name="verifyErrorWhenMandatoryFieldsMissing" time="4.253"/>
  <testcase classname="testClasses.TC001_Registration" name="enterLname" time="3.756"/>
  <testcase classname="testClasses.TC001_Registration" name="verifyUserCanRegisterSuccessfully" time="4.787"/>
  <testcase classname="testClasses.TC001_Registration" name="verifyRegistrationPageHeading" time="8.288"/>
  <testcase classname="testClasses.TC001_Registration" name="enterFname" time="4.029"/>
</testsuite> <!-- testClasses.TC001_Registration -->
